Determining if the include file malloc/malloc.h exists failed with the following output:
Change Dir: /home/fgranados/LLVM/riscv-llvm/build/CMakeFiles/CMakeTmp

Run Build Command:"/usr/bin/make" "cmTC_3bd30/fast"
/usr/bin/make -f CMakeFiles/cmTC_3bd30.dir/build.make CMakeFiles/cmTC_3bd30.dir/build
make[1]: Entering directory '/home/fgranados/LLVM/riscv-llvm/build/CMakeFiles/CMakeTmp'
Building C object CMakeFiles/cmTC_3bd30.dir/CheckIncludeFile.c.o
/usr/bin/cc    -o CMakeFiles/cmTC_3bd30.dir/CheckIncludeFile.c.o   -c /home/fgranados/LLVM/riscv-llvm/build/CMakeFiles/CMakeTmp/CheckIncludeFile.c
/home/fgranados/LLVM/riscv-llvm/build/CMakeFiles/CMakeTmp/CheckIncludeFile.c:1:27: fatal error: malloc/malloc.h: No such file or directory
 #include <malloc/malloc.h>
                           ^
compilation terminated.
CMakeFiles/cmTC_3bd30.dir/build.make:65: recipe for target 'CMakeFiles/cmTC_3bd30.dir/CheckIncludeFile.c.o' failed
make[1]: *** [CMakeFiles/cmTC_3bd30.dir/CheckIncludeFile.c.o] Error 1
make[1]: Leaving directory '/home/fgranados/LLVM/riscv-llvm/build/CMakeFiles/CMakeTmp'
Makefile:126: recipe for target 'cmTC_3bd30/fast' failed
make: *** [cmTC_3bd30/fast] Error 2


Determining if the include file ndir.h exists failed with the following output:
Change Dir: /home/fgranados/LLVM/riscv-llvm/build/CMakeFiles/CMakeTmp

Run Build Command:"/usr/bin/make" "cmTC_80bea/fast"
/usr/bin/make -f CMakeFiles/cmTC_80bea.dir/build.make CMakeFiles/cmTC_80bea.dir/build
make[1]: Entering directory '/home/fgranados/LLVM/riscv-llvm/build/CMakeFiles/CMakeTmp'
Building C object CMakeFiles/cmTC_80bea.dir/CheckIncludeFile.c.o
/usr/bin/cc    -o CMakeFiles/cmTC_80bea.dir/CheckIncludeFile.c.o   -c /home/fgranados/LLVM/riscv-llvm/build/CMakeFiles/CMakeTmp/CheckIncludeFile.c
/home/fgranados/LLVM/riscv-llvm/build/CMakeFiles/CMakeTmp/CheckIncludeFile.c:1:18: fatal error: ndir.h: No such file or directory
 #include <ndir.h>
                  ^
compilation terminated.
CMakeFiles/cmTC_80bea.dir/build.make:65: recipe for target 'CMakeFiles/cmTC_80bea.dir/CheckIncludeFile.c.o' failed
make[1]: *** [CMakeFiles/cmTC_80bea.dir/CheckIncludeFile.c.o] Error 1
make[1]: Leaving directory '/home/fgranados/LLVM/riscv-llvm/build/CMakeFiles/CMakeTmp'
Makefile:126: recipe for target 'cmTC_80bea/fast' failed
make: *** [cmTC_80bea/fast] Error 2


Determining if the include file sys/ndir.h exists failed with the following output:
Change Dir: /home/fgranados/LLVM/riscv-llvm/build/CMakeFiles/CMakeTmp

Run Build Command:"/usr/bin/make" "cmTC_26a56/fast"
/usr/bin/make -f CMakeFiles/cmTC_26a56.dir/build.make CMakeFiles/cmTC_26a56.dir/build
make[1]: Entering directory '/home/fgranados/LLVM/riscv-llvm/build/CMakeFiles/CMakeTmp'
Building C object CMakeFiles/cmTC_26a56.dir/CheckIncludeFile.c.o
/usr/bin/cc    -o CMakeFiles/cmTC_26a56.dir/CheckIncludeFile.c.o   -c /home/fgranados/LLVM/riscv-llvm/build/CMakeFiles/CMakeTmp/CheckIncludeFile.c
/home/fgranados/LLVM/riscv-llvm/build/CMakeFiles/CMakeTmp/CheckIncludeFile.c:1:22: fatal error: sys/ndir.h: No such file or directory
 #include <sys/ndir.h>
                      ^
compilation terminated.
CMakeFiles/cmTC_26a56.dir/build.make:65: recipe for target 'CMakeFiles/cmTC_26a56.dir/CheckIncludeFile.c.o' failed
make[1]: *** [CMakeFiles/cmTC_26a56.dir/CheckIncludeFile.c.o] Error 1
make[1]: Leaving directory '/home/fgranados/LLVM/riscv-llvm/build/CMakeFiles/CMakeTmp'
Makefile:126: recipe for target 'cmTC_26a56/fast' failed
make: *** [cmTC_26a56/fast] Error 2


Determining if the include file valgrind/valgrind.h exists failed with the following output:
Change Dir: /home/fgranados/LLVM/riscv-llvm/build/CMakeFiles/CMakeTmp

Run Build Command:"/usr/bin/make" "cmTC_29600/fast"
/usr/bin/make -f CMakeFiles/cmTC_29600.dir/build.make CMakeFiles/cmTC_29600.dir/build
make[1]: Entering directory '/home/fgranados/LLVM/riscv-llvm/build/CMakeFiles/CMakeTmp'
Building C object CMakeFiles/cmTC_29600.dir/CheckIncludeFile.c.o
/usr/bin/cc    -o CMakeFiles/cmTC_29600.dir/CheckIncludeFile.c.o   -c /home/fgranados/LLVM/riscv-llvm/build/CMakeFiles/CMakeTmp/CheckIncludeFile.c
/home/fgranados/LLVM/riscv-llvm/build/CMakeFiles/CMakeTmp/CheckIncludeFile.c:1:31: fatal error: valgrind/valgrind.h: No such file or directory
 #include <valgrind/valgrind.h>
                               ^
compilation terminated.
CMakeFiles/cmTC_29600.dir/build.make:65: recipe for target 'CMakeFiles/cmTC_29600.dir/CheckIncludeFile.c.o' failed
make[1]: *** [CMakeFiles/cmTC_29600.dir/CheckIncludeFile.c.o] Error 1
make[1]: Leaving directory '/home/fgranados/LLVM/riscv-llvm/build/CMakeFiles/CMakeTmp'
Makefile:126: recipe for target 'cmTC_29600/fast' failed
make: *** [cmTC_29600/fast] Error 2


Determining if the include file mach/mach.h exists failed with the following output:
Change Dir: /home/fgranados/LLVM/riscv-llvm/build/CMakeFiles/CMakeTmp

Run Build Command:"/usr/bin/make" "cmTC_69fdf/fast"
/usr/bin/make -f CMakeFiles/cmTC_69fdf.dir/build.make CMakeFiles/cmTC_69fdf.dir/build
make[1]: Entering directory '/home/fgranados/LLVM/riscv-llvm/build/CMakeFiles/CMakeTmp'
Building C object CMakeFiles/cmTC_69fdf.dir/CheckIncludeFile.c.o
/usr/bin/cc    -o CMakeFiles/cmTC_69fdf.dir/CheckIncludeFile.c.o   -c /home/fgranados/LLVM/riscv-llvm/build/CMakeFiles/CMakeTmp/CheckIncludeFile.c
/home/fgranados/LLVM/riscv-llvm/build/CMakeFiles/CMakeTmp/CheckIncludeFile.c:1:23: fatal error: mach/mach.h: No such file or directory
 #include <mach/mach.h>
                       ^
compilation terminated.
CMakeFiles/cmTC_69fdf.dir/build.make:65: recipe for target 'CMakeFiles/cmTC_69fdf.dir/CheckIncludeFile.c.o' failed
make[1]: *** [CMakeFiles/cmTC_69fdf.dir/CheckIncludeFile.c.o] Error 1
make[1]: Leaving directory '/home/fgranados/LLVM/riscv-llvm/build/CMakeFiles/CMakeTmp'
Makefile:126: recipe for target 'cmTC_69fdf/fast' failed
make: *** [cmTC_69fdf/fast] Error 2


Determining if the include file mach-o/dyld.h exists failed with the following output:
Change Dir: /home/fgranados/LLVM/riscv-llvm/build/CMakeFiles/CMakeTmp

Run Build Command:"/usr/bin/make" "cmTC_8bb1b/fast"
/usr/bin/make -f CMakeFiles/cmTC_8bb1b.dir/build.make CMakeFiles/cmTC_8bb1b.dir/build
make[1]: Entering directory '/home/fgranados/LLVM/riscv-llvm/build/CMakeFiles/CMakeTmp'
Building C object CMakeFiles/cmTC_8bb1b.dir/CheckIncludeFile.c.o
/usr/bin/cc    -o CMakeFiles/cmTC_8bb1b.dir/CheckIncludeFile.c.o   -c /home/fgranados/LLVM/riscv-llvm/build/CMakeFiles/CMakeTmp/CheckIncludeFile.c
/home/fgranados/LLVM/riscv-llvm/build/CMakeFiles/CMakeTmp/CheckIncludeFile.c:1:25: fatal error: mach-o/dyld.h: No such file or directory
 #include <mach-o/dyld.h>
                         ^
compilation terminated.
CMakeFiles/cmTC_8bb1b.dir/build.make:65: recipe for target 'CMakeFiles/cmTC_8bb1b.dir/CheckIncludeFile.c.o' failed
make[1]: *** [CMakeFiles/cmTC_8bb1b.dir/CheckIncludeFile.c.o] Error 1
make[1]: Leaving directory '/home/fgranados/LLVM/riscv-llvm/build/CMakeFiles/CMakeTmp'
Makefile:126: recipe for target 'cmTC_8bb1b/fast' failed
make: *** [cmTC_8bb1b/fast] Error 2


Determining if the include file histedit.h exists failed with the following output:
Change Dir: /home/fgranados/LLVM/riscv-llvm/build/CMakeFiles/CMakeTmp

Run Build Command:"/usr/bin/make" "cmTC_ccc1a/fast"
/usr/bin/make -f CMakeFiles/cmTC_ccc1a.dir/build.make CMakeFiles/cmTC_ccc1a.dir/build
make[1]: Entering directory '/home/fgranados/LLVM/riscv-llvm/build/CMakeFiles/CMakeTmp'
Building C object CMakeFiles/cmTC_ccc1a.dir/CheckIncludeFile.c.o
/usr/bin/cc    -o CMakeFiles/cmTC_ccc1a.dir/CheckIncludeFile.c.o   -c /home/fgranados/LLVM/riscv-llvm/build/CMakeFiles/CMakeTmp/CheckIncludeFile.c
/home/fgranados/LLVM/riscv-llvm/build/CMakeFiles/CMakeTmp/CheckIncludeFile.c:1:22: fatal error: histedit.h: No such file or directory
 #include <histedit.h>
                      ^
compilation terminated.
CMakeFiles/cmTC_ccc1a.dir/build.make:65: recipe for target 'CMakeFiles/cmTC_ccc1a.dir/CheckIncludeFile.c.o' failed
make[1]: *** [CMakeFiles/cmTC_ccc1a.dir/CheckIncludeFile.c.o] Error 1
make[1]: Leaving directory '/home/fgranados/LLVM/riscv-llvm/build/CMakeFiles/CMakeTmp'
Makefile:126: recipe for target 'cmTC_ccc1a/fast' failed
make: *** [cmTC_ccc1a/fast] Error 2


Determining if the pthread_create exist failed with the following output:
Change Dir: /home/fgranados/LLVM/riscv-llvm/build/CMakeFiles/CMakeTmp

Run Build Command:"/usr/bin/make" "cmTC_79fa6/fast"
/usr/bin/make -f CMakeFiles/cmTC_79fa6.dir/build.make CMakeFiles/cmTC_79fa6.dir/build
make[1]: Entering directory '/home/fgranados/LLVM/riscv-llvm/build/CMakeFiles/CMakeTmp'
Building C object CMakeFiles/cmTC_79fa6.dir/CheckSymbolExists.c.o
/usr/bin/cc    -o CMakeFiles/cmTC_79fa6.dir/CheckSymbolExists.c.o   -c /home/fgranados/LLVM/riscv-llvm/build/CMakeFiles/CMakeTmp/CheckSymbolExists.c
Linking C executable cmTC_79fa6
/usr/bin/cmake -E cmake_link_script CMakeFiles/cmTC_79fa6.dir/link.txt --verbose=1
/usr/bin/cc      CMakeFiles/cmTC_79fa6.dir/CheckSymbolExists.c.o  -o cmTC_79fa6 -lm 
CMakeFiles/cmTC_79fa6.dir/CheckSymbolExists.c.o: In function `main':
CheckSymbolExists.c:(.text+0x1b): undefined reference to `pthread_create'
collect2: error: ld returned 1 exit status
CMakeFiles/cmTC_79fa6.dir/build.make:97: recipe for target 'cmTC_79fa6' failed
make[1]: *** [cmTC_79fa6] Error 1
make[1]: Leaving directory '/home/fgranados/LLVM/riscv-llvm/build/CMakeFiles/CMakeTmp'
Makefile:126: recipe for target 'cmTC_79fa6/fast' failed
make: *** [cmTC_79fa6/fast] Error 2

File /home/fgranados/LLVM/riscv-llvm/build/CMakeFiles/CMakeTmp/CheckSymbolExists.c:
/* */
#include <pthread.h>

int main(int argc, char** argv)
{
  (void)argv;
#ifndef pthread_create
  return ((int*)(&pthread_create))[argc];
#else
  (void)argc;
  return 0;
#endif
}

Determining if the function pthread_create exists in the pthreads failed with the following output:
Change Dir: /home/fgranados/LLVM/riscv-llvm/build/CMakeFiles/CMakeTmp

Run Build Command:"/usr/bin/make" "cmTC_823de/fast"
/usr/bin/make -f CMakeFiles/cmTC_823de.dir/build.make CMakeFiles/cmTC_823de.dir/build
make[1]: Entering directory '/home/fgranados/LLVM/riscv-llvm/build/CMakeFiles/CMakeTmp'
Building C object CMakeFiles/cmTC_823de.dir/CheckFunctionExists.c.o
/usr/bin/cc   -DCHECK_FUNCTION_EXISTS=pthread_create   -o CMakeFiles/cmTC_823de.dir/CheckFunctionExists.c.o   -c /usr/share/cmake-3.9/Modules/CheckFunctionExists.c
Linking C executable cmTC_823de
/usr/bin/cmake -E cmake_link_script CMakeFiles/cmTC_823de.dir/link.txt --verbose=1
/usr/bin/cc  -DCHECK_FUNCTION_EXISTS=pthread_create    CMakeFiles/cmTC_823de.dir/CheckFunctionExists.c.o  -o cmTC_823de -lpthreads -lm 
/usr/bin/ld: cannot find -lpthreads
collect2: error: ld returned 1 exit status
CMakeFiles/cmTC_823de.dir/build.make:97: recipe for target 'cmTC_823de' failed
make[1]: *** [cmTC_823de] Error 1
make[1]: Leaving directory '/home/fgranados/LLVM/riscv-llvm/build/CMakeFiles/CMakeTmp'
Makefile:126: recipe for target 'cmTC_823de/fast' failed
make: *** [cmTC_823de/fast] Error 2


Determining if the function xar_open exists in the xar failed with the following output:
Change Dir: /home/fgranados/LLVM/riscv-llvm/build/CMakeFiles/CMakeTmp

Run Build Command:"/usr/bin/make" "cmTC_317b4/fast"
/usr/bin/make -f CMakeFiles/cmTC_317b4.dir/build.make CMakeFiles/cmTC_317b4.dir/build
make[1]: Entering directory '/home/fgranados/LLVM/riscv-llvm/build/CMakeFiles/CMakeTmp'
Building C object CMakeFiles/cmTC_317b4.dir/CheckFunctionExists.c.o
/usr/bin/cc   -DCHECK_FUNCTION_EXISTS=xar_open   -o CMakeFiles/cmTC_317b4.dir/CheckFunctionExists.c.o   -c /usr/share/cmake-3.9/Modules/CheckFunctionExists.c
Linking C executable cmTC_317b4
/usr/bin/cmake -E cmake_link_script CMakeFiles/cmTC_317b4.dir/link.txt --verbose=1
/usr/bin/cc  -DCHECK_FUNCTION_EXISTS=xar_open    CMakeFiles/cmTC_317b4.dir/CheckFunctionExists.c.o  -o cmTC_317b4 -lxar -lm 
/usr/bin/ld: cannot find -lxar
collect2: error: ld returned 1 exit status
CMakeFiles/cmTC_317b4.dir/build.make:97: recipe for target 'cmTC_317b4' failed
make[1]: *** [cmTC_317b4] Error 1
make[1]: Leaving directory '/home/fgranados/LLVM/riscv-llvm/build/CMakeFiles/CMakeTmp'
Makefile:126: recipe for target 'cmTC_317b4/fast' failed
make: *** [cmTC_317b4/fast] Error 2


Determining if the arc4random exist failed with the following output:
Change Dir: /home/fgranados/LLVM/riscv-llvm/build/CMakeFiles/CMakeTmp

Run Build Command:"/usr/bin/make" "cmTC_9500b/fast"
/usr/bin/make -f CMakeFiles/cmTC_9500b.dir/build.make CMakeFiles/cmTC_9500b.dir/build
make[1]: Entering directory '/home/fgranados/LLVM/riscv-llvm/build/CMakeFiles/CMakeTmp'
Building C object CMakeFiles/cmTC_9500b.dir/CheckSymbolExists.c.o
/usr/bin/cc    -o CMakeFiles/cmTC_9500b.dir/CheckSymbolExists.c.o   -c /home/fgranados/LLVM/riscv-llvm/build/CMakeFiles/CMakeTmp/CheckSymbolExists.c
/home/fgranados/LLVM/riscv-llvm/build/CMakeFiles/CMakeTmp/CheckSymbolExists.c: In function ‘main’:
/home/fgranados/LLVM/riscv-llvm/build/CMakeFiles/CMakeTmp/CheckSymbolExists.c:8:19: error: ‘arc4random’ undeclared (first use in this function)
   return ((int*)(&arc4random))[argc];
                   ^~~~~~~~~~
/home/fgranados/LLVM/riscv-llvm/build/CMakeFiles/CMakeTmp/CheckSymbolExists.c:8:19: note: each undeclared identifier is reported only once for each function it appears in
CMakeFiles/cmTC_9500b.dir/build.make:65: recipe for target 'CMakeFiles/cmTC_9500b.dir/CheckSymbolExists.c.o' failed
make[1]: *** [CMakeFiles/cmTC_9500b.dir/CheckSymbolExists.c.o] Error 1
make[1]: Leaving directory '/home/fgranados/LLVM/riscv-llvm/build/CMakeFiles/CMakeTmp'
Makefile:126: recipe for target 'cmTC_9500b/fast' failed
make: *** [cmTC_9500b/fast] Error 2

File /home/fgranados/LLVM/riscv-llvm/build/CMakeFiles/CMakeTmp/CheckSymbolExists.c:
/* */
#include <stdlib.h>

int main(int argc, char** argv)
{
  (void)argv;
#ifndef arc4random
  return ((int*)(&arc4random))[argc];
#else
  (void)argc;
  return 0;
#endif
}

Determining if the mallctl exist failed with the following output:
Change Dir: /home/fgranados/LLVM/riscv-llvm/build/CMakeFiles/CMakeTmp

Run Build Command:"/usr/bin/make" "cmTC_73504/fast"
/usr/bin/make -f CMakeFiles/cmTC_73504.dir/build.make CMakeFiles/cmTC_73504.dir/build
make[1]: Entering directory '/home/fgranados/LLVM/riscv-llvm/build/CMakeFiles/CMakeTmp'
Building C object CMakeFiles/cmTC_73504.dir/CheckSymbolExists.c.o
/usr/bin/cc    -o CMakeFiles/cmTC_73504.dir/CheckSymbolExists.c.o   -c /home/fgranados/LLVM/riscv-llvm/build/CMakeFiles/CMakeTmp/CheckSymbolExists.c
/home/fgranados/LLVM/riscv-llvm/build/CMakeFiles/CMakeTmp/CheckSymbolExists.c:2:23: fatal error: malloc_np.h: No such file or directory
 #include <malloc_np.h>
                       ^
compilation terminated.
CMakeFiles/cmTC_73504.dir/build.make:65: recipe for target 'CMakeFiles/cmTC_73504.dir/CheckSymbolExists.c.o' failed
make[1]: *** [CMakeFiles/cmTC_73504.dir/CheckSymbolExists.c.o] Error 1
make[1]: Leaving directory '/home/fgranados/LLVM/riscv-llvm/build/CMakeFiles/CMakeTmp'
Makefile:126: recipe for target 'cmTC_73504/fast' failed
make: *** [cmTC_73504/fast] Error 2

File /home/fgranados/LLVM/riscv-llvm/build/CMakeFiles/CMakeTmp/CheckSymbolExists.c:
/* */
#include <malloc_np.h>

int main(int argc, char** argv)
{
  (void)argv;
#ifndef mallctl
  return ((int*)(&mallctl))[argc];
#else
  (void)argc;
  return 0;
#endif
}

Determining if the malloc_zone_statistics exist failed with the following output:
Change Dir: /home/fgranados/LLVM/riscv-llvm/build/CMakeFiles/CMakeTmp

Run Build Command:"/usr/bin/make" "cmTC_75d67/fast"
/usr/bin/make -f CMakeFiles/cmTC_75d67.dir/build.make CMakeFiles/cmTC_75d67.dir/build
make[1]: Entering directory '/home/fgranados/LLVM/riscv-llvm/build/CMakeFiles/CMakeTmp'
Building C object CMakeFiles/cmTC_75d67.dir/CheckSymbolExists.c.o
/usr/bin/cc    -o CMakeFiles/cmTC_75d67.dir/CheckSymbolExists.c.o   -c /home/fgranados/LLVM/riscv-llvm/build/CMakeFiles/CMakeTmp/CheckSymbolExists.c
/home/fgranados/LLVM/riscv-llvm/build/CMakeFiles/CMakeTmp/CheckSymbolExists.c:2:27: fatal error: malloc/malloc.h: No such file or directory
 #include <malloc/malloc.h>
                           ^
compilation terminated.
CMakeFiles/cmTC_75d67.dir/build.make:65: recipe for target 'CMakeFiles/cmTC_75d67.dir/CheckSymbolExists.c.o' failed
make[1]: *** [CMakeFiles/cmTC_75d67.dir/CheckSymbolExists.c.o] Error 1
make[1]: Leaving directory '/home/fgranados/LLVM/riscv-llvm/build/CMakeFiles/CMakeTmp'
Makefile:126: recipe for target 'cmTC_75d67/fast' failed
make: *** [cmTC_75d67/fast] Error 2

File /home/fgranados/LLVM/riscv-llvm/build/CMakeFiles/CMakeTmp/CheckSymbolExists.c:
/* */
#include <malloc/malloc.h>

int main(int argc, char** argv)
{
  (void)argv;
#ifndef malloc_zone_statistics
  return ((int*)(&malloc_zone_statistics))[argc];
#else
  (void)argc;
  return 0;
#endif
}

Determining if the strerror_s exist failed with the following output:
Change Dir: /home/fgranados/LLVM/riscv-llvm/build/CMakeFiles/CMakeTmp

Run Build Command:"/usr/bin/make" "cmTC_e87dc/fast"
/usr/bin/make -f CMakeFiles/cmTC_e87dc.dir/build.make CMakeFiles/cmTC_e87dc.dir/build
make[1]: Entering directory '/home/fgranados/LLVM/riscv-llvm/build/CMakeFiles/CMakeTmp'
Building C object CMakeFiles/cmTC_e87dc.dir/CheckSymbolExists.c.o
/usr/bin/cc    -o CMakeFiles/cmTC_e87dc.dir/CheckSymbolExists.c.o   -c /home/fgranados/LLVM/riscv-llvm/build/CMakeFiles/CMakeTmp/CheckSymbolExists.c
/home/fgranados/LLVM/riscv-llvm/build/CMakeFiles/CMakeTmp/CheckSymbolExists.c: In function ‘main’:
/home/fgranados/LLVM/riscv-llvm/build/CMakeFiles/CMakeTmp/CheckSymbolExists.c:8:19: error: ‘strerror_s’ undeclared (first use in this function)
   return ((int*)(&strerror_s))[argc];
                   ^~~~~~~~~~
/home/fgranados/LLVM/riscv-llvm/build/CMakeFiles/CMakeTmp/CheckSymbolExists.c:8:19: note: each undeclared identifier is reported only once for each function it appears in
CMakeFiles/cmTC_e87dc.dir/build.make:65: recipe for target 'CMakeFiles/cmTC_e87dc.dir/CheckSymbolExists.c.o' failed
make[1]: *** [CMakeFiles/cmTC_e87dc.dir/CheckSymbolExists.c.o] Error 1
make[1]: Leaving directory '/home/fgranados/LLVM/riscv-llvm/build/CMakeFiles/CMakeTmp'
Makefile:126: recipe for target 'cmTC_e87dc/fast' failed
make: *** [cmTC_e87dc/fast] Error 2

File /home/fgranados/LLVM/riscv-llvm/build/CMakeFiles/CMakeTmp/CheckSymbolExists.c:
/* */
#include <string.h>

int main(int argc, char** argv)
{
  (void)argv;
#ifndef strerror_s
  return ((int*)(&strerror_s))[argc];
#else
  (void)argc;
  return 0;
#endif
}

Performing C SOURCE FILE Test C_SUPPORTS_COVERED_SWITCH_DEFAULT_FLAG failed with the following output:
Change Dir: /home/fgranados/LLVM/riscv-llvm/build/CMakeFiles/CMakeTmp

Run Build Command:"/usr/bin/make" "cmTC_8f481/fast"
/usr/bin/make -f CMakeFiles/cmTC_8f481.dir/build.make CMakeFiles/cmTC_8f481.dir/build
make[1]: Entering directory '/home/fgranados/LLVM/riscv-llvm/build/CMakeFiles/CMakeTmp'
Building C object CMakeFiles/cmTC_8f481.dir/src.c.o
/usr/bin/cc   -fPIC -Wall -W -Wno-unused-parameter -Wwrite-strings -Wno-missing-field-initializers -pedantic -Wno-long-long -DC_SUPPORTS_COVERED_SWITCH_DEFAULT_FLAG   -Werror -Wcovered-switch-default -o CMakeFiles/cmTC_8f481.dir/src.c.o   -c /home/fgranados/LLVM/riscv-llvm/build/CMakeFiles/CMakeTmp/src.c
cc: error: unrecognized command line option '-Wcovered-switch-default'; did you mean '-Wno-switch-default'?
CMakeFiles/cmTC_8f481.dir/build.make:65: recipe for target 'CMakeFiles/cmTC_8f481.dir/src.c.o' failed
make[1]: *** [CMakeFiles/cmTC_8f481.dir/src.c.o] Error 1
make[1]: Leaving directory '/home/fgranados/LLVM/riscv-llvm/build/CMakeFiles/CMakeTmp'
Makefile:126: recipe for target 'cmTC_8f481/fast' failed
make: *** [cmTC_8f481/fast] Error 2

Source file was:
int main(void) { return 0; }
Performing C++ SOURCE FILE Test CXX_SUPPORTS_COVERED_SWITCH_DEFAULT_FLAG failed with the following output:
Change Dir: /home/fgranados/LLVM/riscv-llvm/build/CMakeFiles/CMakeTmp

Run Build Command:"/usr/bin/make" "cmTC_fd877/fast"
/usr/bin/make -f CMakeFiles/cmTC_fd877.dir/build.make CMakeFiles/cmTC_fd877.dir/build
make[1]: Entering directory '/home/fgranados/LLVM/riscv-llvm/build/CMakeFiles/CMakeTmp'
Building CXX object CMakeFiles/cmTC_fd877.dir/src.cxx.o
/usr/bin/c++    -fPIC -fvisibility-inlines-hidden -Wall -W -Wno-unused-parameter -Wwrite-strings -Wcast-qual -Wno-missing-field-initializers -pedantic -Wno-long-long -DCXX_SUPPORTS_COVERED_SWITCH_DEFAULT_FLAG   -Werror -Wcovered-switch-default -o CMakeFiles/cmTC_fd877.dir/src.cxx.o -c /home/fgranados/LLVM/riscv-llvm/build/CMakeFiles/CMakeTmp/src.cxx
c++: error: unrecognized command line option '-Wcovered-switch-default'; did you mean '-Wno-switch-default'?
CMakeFiles/cmTC_fd877.dir/build.make:65: recipe for target 'CMakeFiles/cmTC_fd877.dir/src.cxx.o' failed
make[1]: *** [CMakeFiles/cmTC_fd877.dir/src.cxx.o] Error 1
make[1]: Leaving directory '/home/fgranados/LLVM/riscv-llvm/build/CMakeFiles/CMakeTmp'
Makefile:126: recipe for target 'cmTC_fd877/fast' failed
make: *** [cmTC_fd877/fast] Error 2

Source file was:
int main() { return 0; }
Performing C SOURCE FILE Test C_SUPPORTS_DELETE_NON_VIRTUAL_DTOR_FLAG failed with the following output:
Change Dir: /home/fgranados/LLVM/riscv-llvm/build/CMakeFiles/CMakeTmp

Run Build Command:"/usr/bin/make" "cmTC_3443a/fast"
/usr/bin/make -f CMakeFiles/cmTC_3443a.dir/build.make CMakeFiles/cmTC_3443a.dir/build
make[1]: Entering directory '/home/fgranados/LLVM/riscv-llvm/build/CMakeFiles/CMakeTmp'
Building C object CMakeFiles/cmTC_3443a.dir/src.c.o
/usr/bin/cc   -fPIC -Wall -W -Wno-unused-parameter -Wwrite-strings -Wno-missing-field-initializers -pedantic -Wno-long-long -DC_SUPPORTS_DELETE_NON_VIRTUAL_DTOR_FLAG   -Werror -Wdelete-non-virtual-dtor -o CMakeFiles/cmTC_3443a.dir/src.c.o   -c /home/fgranados/LLVM/riscv-llvm/build/CMakeFiles/CMakeTmp/src.c
cc1: error: command line option '-Wdelete-non-virtual-dtor' is valid for C++/ObjC++ but not for C [-Werror]
cc1: all warnings being treated as errors
CMakeFiles/cmTC_3443a.dir/build.make:65: recipe for target 'CMakeFiles/cmTC_3443a.dir/src.c.o' failed
make[1]: *** [CMakeFiles/cmTC_3443a.dir/src.c.o] Error 1
make[1]: Leaving directory '/home/fgranados/LLVM/riscv-llvm/build/CMakeFiles/CMakeTmp'
Makefile:126: recipe for target 'cmTC_3443a/fast' failed
make: *** [cmTC_3443a/fast] Error 2

Source file was:
int main(void) { return 0; }
Performing C SOURCE FILE Test C_WCOMMENT_ALLOWS_LINE_WRAP failed with the following output:
Change Dir: /home/fgranados/LLVM/riscv-llvm/build/CMakeFiles/CMakeTmp

Run Build Command:"/usr/bin/make" "cmTC_748c5/fast"
/usr/bin/make -f CMakeFiles/cmTC_748c5.dir/build.make CMakeFiles/cmTC_748c5.dir/build
make[1]: Entering directory '/home/fgranados/LLVM/riscv-llvm/build/CMakeFiles/CMakeTmp'
Building C object CMakeFiles/cmTC_748c5.dir/src.c.o
/usr/bin/cc   -fPIC -Wall -W -Wno-unused-parameter -Wwrite-strings -Wno-missing-field-initializers -pedantic -Wno-long-long -DC_WCOMMENT_ALLOWS_LINE_WRAP  -Werror -Wcomment   -o CMakeFiles/cmTC_748c5.dir/src.c.o   -c /home/fgranados/LLVM/riscv-llvm/build/CMakeFiles/CMakeTmp/src.c
/home/fgranados/LLVM/riscv-llvm/build/CMakeFiles/CMakeTmp/src.c:1:1: error: multi-line comment [-Werror=comment]
 // \
 ^
cc1: all warnings being treated as errors
CMakeFiles/cmTC_748c5.dir/build.make:65: recipe for target 'CMakeFiles/cmTC_748c5.dir/src.c.o' failed
make[1]: *** [CMakeFiles/cmTC_748c5.dir/src.c.o] Error 1
make[1]: Leaving directory '/home/fgranados/LLVM/riscv-llvm/build/CMakeFiles/CMakeTmp'
Makefile:126: recipe for target 'cmTC_748c5/fast' failed
make: *** [cmTC_748c5/fast] Error 2

Source file was:
// \
//
int main() {return 0;}
